18.12.2024 13:46:54 - QuikPy.Stream - INFO - Подписка на изменения стакана SPBFUT.SiU4: False
18.12.2024 13:46:54 - QuikPy.Stream - INFO - Статус подписки: False
18.12.2024 13:46:54 - QuikPy.Stream - INFO - Секунд котировок: 3
18.12.2024 13:46:57 - QuikPy.Stream - INFO - Отмена подписки на изменения стакана: False
18.12.2024 13:46:57 - QuikPy.Stream - INFO - Статус подписки: False
18.12.2024 13:46:57 - QuikPy.Stream - INFO - Подписка на обезличенные сделки SPBFUT.SiU4
18.12.2024 13:46:57 - QuikPy.Stream - INFO - Секунд обезличенных сделок: 3
18.12.2024 13:47:00 - QuikPy.Stream - INFO - Отмена подписки на обезличенные сделки
18.12.2024 13:47:00 - QuikPy.Stream - INFO - Подписка на интервал 1: SPBFUT|SiU4|1|-
18.12.2024 13:47:00 - QuikPy.Stream - INFO - Статус подписки на интервал 1: False
18.12.2024 13:47:09 - QuikPy.Stream - INFO - Отмена подписки на интервал 1 SPBFUT|SiU4|1|-
18.12.2024 13:47:09 - QuikPy.Stream - INFO - Статус подписки на интервал 1: False
18.12.2024 13:48:20 - QuikPy.Stream - INFO - Подписка на изменения стакана SPBFUT.SiU4: False
18.12.2024 13:48:20 - QuikPy.Stream - INFO - Статус подписки: False
18.12.2024 13:48:20 - QuikPy.Stream - INFO - Секунд котировок: 3
18.12.2024 13:48:23 - QuikPy.Stream - INFO - Отмена подписки на изменения стакана: False
18.12.2024 13:48:23 - QuikPy.Stream - INFO - Статус подписки: False
18.12.2024 13:48:23 - QuikPy.Stream - INFO - Подписка на обезличенные сделки SPBFUT.SiU4
18.12.2024 13:48:23 - QuikPy.Stream - INFO - Секунд обезличенных сделок: 3
18.12.2024 13:48:26 - QuikPy.Stream - INFO - Отмена подписки на обезличенные сделки
18.12.2024 13:48:26 - QuikPy.Stream - INFO - Подписка на интервал 1: SPBFUT|SiU4|1|-
18.12.2024 13:48:26 - QuikPy.Stream - INFO - Статус подписки на интервал 1: False
18.12.2024 13:48:34 - QuikPy.Stream - INFO - Отмена подписки на интервал 1 SPBFUT|SiU4|1|-
18.12.2024 13:48:34 - QuikPy.Stream - INFO - Статус подписки на интервал 1: False
